\BOOKMARK [-1][-]{part.1}{I Introduction}{}
\BOOKMARK [-1][-]{part.2}{II Imagerie TEP}{}
\BOOKMARK [0][-]{chapter.1}{Principe Physique}{part.2}
\BOOKMARK [1][-]{section.1.1}{G\351n\351ralit\351s}{chapter.1}
\BOOKMARK [2][-]{subsection.1.1.1}{D\351tecteur}{section.1.1}
\BOOKMARK [1][-]{section.1.2}{perturbation trajet du photon}{chapter.1}
\BOOKMARK [2][-]{subsection.1.2.1}{Diffusion}{section.1.2}
\BOOKMARK [2][-]{subsection.1.2.2}{D\351viation}{section.1.2}
\BOOKMARK [2][-]{subsection.1.2.3}{Absorbtion}{section.1.2}
\BOOKMARK [0][-]{chapter.2}{D\351roulement d'une acquisition}{part.2}
\BOOKMARK [1][-]{section.2.1}{2D / 3D}{chapter.2}
\BOOKMARK [1][-]{section.2.2}{Format des donn\351es}{chapter.2}
\BOOKMARK [2][-]{subsection.2.2.1}{List-mode}{section.2.2}
\BOOKMARK [2][-]{subsection.2.2.2}{Sinogramme}{section.2.2}
\BOOKMARK [0][-]{chapter.3}{Algorithmes de reconstruction}{part.2}
\BOOKMARK [1][-]{section.3.1}{It\351ratifs}{chapter.3}
\BOOKMARK [2][-]{subsection.3.1.1}{EM}{section.3.1}
\BOOKMARK [2][-]{subsection.3.1.2}{OSEM}{section.3.1}
\BOOKMARK [1][-]{section.3.2}{Analytiques}{chapter.3}
\BOOKMARK [-1][-]{part.3}{III Mouvement respiratoire}{}
\BOOKMARK [0][-]{chapter.4}{Respiration et influence sur les acquisitions TEP/TDM}{part.3}
\BOOKMARK [1][-]{section.4.1}{Mouvement respiratoire}{chapter.4}
\BOOKMARK [1][-]{section.4.2}{Localisation et Volume}{chapter.4}
\BOOKMARK [1][-]{section.4.3}{Mesure de l'activit\351 des tumeurs}{chapter.4}
\BOOKMARK [2][-]{subsection.4.3.1}{D\351calage de la carte d'att\351nuation}{section.4.3}
\BOOKMARK [2][-]{subsection.4.3.2}{D\351placement de la tumeur au cours du cycle}{section.4.3}
\BOOKMARK [1][-]{section.4.4}{Impact du mouvement respiratoire sur la detection}{chapter.4}
\BOOKMARK [2][-]{subsection.4.4.1}{Thielemans 2006}{section.4.4}
\BOOKMARK [2][-]{subsection.4.4.2}{Chang 2010}{section.4.4}
\BOOKMARK [0][-]{chapter.5}{Processus d'estimation du mouvement}{part.3}
\BOOKMARK [1][-]{section.5.1}{Capteurs externes}{chapter.5}
\BOOKMARK [2][-]{subsection.5.1.1}{Spirom\350tre}{section.5.1}
\BOOKMARK [2][-]{subsection.5.1.2}{Ceinture}{section.5.1}
\BOOKMARK [2][-]{subsection.5.1.2}{Todo : donner ref de raison utilisation}{section.5.1}
\BOOKMARK [2][-]{subsection.5.1.3}{Bas\351s cam\351ras}{section.5.1}
\BOOKMARK [2][-]{subsection.5.1.4}{Techniques bas\351es sur les images TEP}{section.5.1}
\BOOKMARK [1][-]{section.5.2}{Estimation du champ de mouvement}{chapter.5}
\BOOKMARK [2][-]{section*.3}{Todo : traduire}{section.5.2}
\BOOKMARK [2][-]{subsection.5.2.1}{Image TDM 4D}{section.5.2}
\BOOKMARK [2][-]{subsection.5.2.2}{Image TEP 4D}{section.5.2}
\BOOKMARK [1][-]{section.5.3}{Mod\350le}{chapter.5}
\BOOKMARK [0][-]{chapter.6}{Correction du mouvement respiratoire}{part.3}
\BOOKMARK [1][-]{section.6.1}{Synchronisation respiratoire}{chapter.6}
\BOOKMARK [1][-]{section.6.2}{Synchronisation respiratoire avec recalage}{chapter.6}
\BOOKMARK [2][-]{subsection.6.2.1}{Estimation du mouvement respiratoire corps entier}{section.6.2}
\BOOKMARK [2][-]{subsection.6.2.1}{Todo : continuer}{section.6.2}
\BOOKMARK [1][-]{section.6.3}{Correction pr\351-reconstruction}{chapter.6}
\BOOKMARK [1][-]{section.6.4}{Correction pendant la reconstruction}{chapter.6}
\BOOKMARK [1][-]{section.6.5}{D\351convolution de l'image}{chapter.6}
\BOOKMARK [-1][-]{part.4}{IV Evaluation des performances de diagnostique}{}
\BOOKMARK [0][-]{chapter.7}{Performance des outils de d\351tection }{part.4}
\BOOKMARK [1][-]{section.7.1}{G\351n\351ralit\351s}{chapter.7}
\BOOKMARK [1][-]{section.7.2}{M\351thodologie ROC - Receiver-Operating Curve}{chapter.7}
\BOOKMARK [2][-]{subsection.7.2.1}{Courbes Localization ROC \(L-ROC\)}{section.7.2}
\BOOKMARK [1][-]{section.7.3}{F-ROC}{chapter.7}
\BOOKMARK [2][-]{subsection.7.3.1}{Courbes Free-ROC}{section.7.3}
\BOOKMARK [2][-]{subsection.7.3.2}{Courbes Alternative Free-ROC}{section.7.3}
\BOOKMARK [2][-]{subsection.7.3.3}{Comparaison des courbes}{section.7.3}
\BOOKMARK [0][-]{chapter.8}{Syst\350mes de d\351tection}{part.4}
\BOOKMARK [1][-]{section.8.1}{Les CAD en TEP}{chapter.8}
\BOOKMARK [1][-]{section.8.2}{Types de classification}{chapter.8}
\BOOKMARK [2][-]{subsection.8.2.1}{supervis\351e - m\351thodologie}{section.8.2}
\BOOKMARK [2][-]{subsection.8.2.2}{non supervis\351e - m\351thodologie}{section.8.2}
\BOOKMARK [1][-]{section.8.3}{classifieurs}{chapter.8}
\BOOKMARK [2][-]{subsection.8.3.1}{SVM \(Separateur \340 Vaste Marge\)}{section.8.3}
\BOOKMARK [2][-]{subsection.8.3.2}{LDA}{section.8.3}
\BOOKMARK [1][-]{section.8.4}{Syst\350mes humain}{chapter.8}
\BOOKMARK [-1][-]{part.5}{V Simulation et base de donn\351es \(MIC 2011\)}{}
\BOOKMARK [0][-]{chapter.9}{Simulations}{part.5}
\BOOKMARK [1][-]{section.9.1}{principe des simulations}{chapter.9}
\BOOKMARK [2][-]{subsection.9.1.1}{monte carlo}{section.9.1}
\BOOKMARK [2][-]{subsection.9.1.2}{analytiques}{section.9.1}
\BOOKMARK [2][-]{subsection.9.1.3}{MC acc\351l\351r\351s}{section.9.1}
\BOOKMARK [1][-]{section.9.2}{simulateurs disponibles}{chapter.9}
\BOOKMARK [1][-]{section.9.3}{processus de simulation avec SORTEO}{chapter.9}
\BOOKMARK [1][-]{section.9.4}{Contribution \340 SORTEO}{chapter.9}
\BOOKMARK [0][-]{chapter.10}{Base de donn\351e}{part.5}
\BOOKMARK [1][-]{section.10.1}{Pr\351sentation}{chapter.10}
\BOOKMARK [1][-]{section.10.2}{Mod\350les}{chapter.10}
\BOOKMARK [1][-]{section.10.3}{donn\351es clef}{chapter.10}
\BOOKMARK [-1][-]{part.6}{VI R\351sultats}{}
\BOOKMARK [0][-]{chapter.11}{m\351thodes \(MIC 2010\)}{part.6}
\BOOKMARK [1][-]{section.11.1}{Syst\350me CAD}{chapter.11}
\BOOKMARK [2][-]{subsection.11.1.1}{Classifications}{section.11.1}
\BOOKMARK [1][-]{section.11.2}{Optimisation des param\350tres du classifieur}{chapter.11}
\BOOKMARK [1][-]{section.11.3}{R\351duction des faux positifs}{chapter.11}
\BOOKMARK [2][-]{subsection.11.3.1}{Technique simple : Crit\350re bas\351s sur l'intersection}{section.11.3}
\BOOKMARK [2][-]{subsection.11.3.2}{Technique \351tendue : Bas\351s intersection et \351tendue spatiale}{section.11.3}
\BOOKMARK [0][-]{chapter.12}{Analyse des r\351sultats}{part.6}
\BOOKMARK [1][-]{section.12.1}{Tests de diff\351rents param\350tres}{chapter.12}
\BOOKMARK [2][-]{subsection.12.1.1}{Base t\351moin}{section.12.1}
\BOOKMARK [2][-]{subsection.12.1.2}{Base Enrichie}{section.12.1}
\BOOKMARK [2][-]{subsection.12.1.3}{Base Normalisation}{section.12.1}
\BOOKMARK [2][-]{subsection.12.1.4}{Courbe Free-ROC}{section.12.1}
\BOOKMARK [2][-]{subsection.12.1.5}{Comparaison des performances JAFROC}{section.12.1}
\BOOKMARK [1][-]{section.12.2}{Comparaison des performances des diff\351rentes m\351thodes}{chapter.12}
\BOOKMARK [2][-]{subsection.12.2.1}{ET-IM}{section.12.2}
\BOOKMARK [2][-]{subsection.12.2.2}{ET-LOR}{section.12.2}
\BOOKMARK [2][-]{subsection.12.2.3}{ET-NoCorr}{section.12.2}
\BOOKMARK [2][-]{subsection.12.2.4}{Comparaison des performances JAFROC}{section.12.2}
\BOOKMARK [2][-]{subsection.12.2.5}{Courbes Free-ROC}{section.12.2}
\BOOKMARK [-1][-]{part.7}{VII Conclusion}{}
\BOOKMARK [-1][-]{part.8}{VIII Bibliographie}{}
