This is pdfTeXk, Version 3.141592-1.40.3 (Web2C 7.5.6) (format=pdflatex 2009.12.9)  27 SEP 2011 13:28
entering extended mode
 %&-line parsing enabled.
**main.tex
(./main.tex
LaTeX2e <2005/12/01>
Babel <v3.8h> and hyphenation patterns for english, usenglishmax, dumylang, noh
yphenation, arabic, basque, bulgarian, coptic, welsh, czech, slovak, german, ng
erman, danish, esperanto, spanish, catalan, galician, estonian, farsi, finnish,
 french, greek, monogreek, ancientgreek, croatian, hungarian, interlingua, ibyc
us, indonesian, icelandic, italian, latin, mongolian, dutch, norsk, polish, por
tuguese, pinyin, romanian, russian, slovenian, uppersorbian, serbian, swedish, 
turkish, ukenglish, ukrainian, loaded.
(/usr/share/texmf/tex/latex/base/book.cls
Document Class: book 2005/09/16 v1.4f Standard LaTeX document class
(/usr/share/texmf/tex/latex/base/bk12.clo
File: bk12.clo 2005/09/16 v1.4f Standard LaTeX file (size option)
)
\c@part=\count79
\c@chapter=\count80
\c@section=\count81
\c@subsection=\count82
\c@subsubsection=\count83
\c@paragraph=\count84
\c@subparagraph=\count85
\c@figure=\count86
\c@table=\count87
\abovecaptionskip=\skip41
\belowcaptionskip=\skip42
\bibindent=\dimen102
)
(/usr/share/texmf/tex/latex/ucs/ucs.sty
Package: ucs 2004/10/17 UCS: Unicode input support

(/usr/share/texmf/tex/latex/ucs/data/uni-global.def
File: uni-global.def 2004/10/17 UCS: Unicode global data
)
\uc@secondtry=\count88
\uc@combtoks=\toks14
\uc@combtoksb=\toks15
\uc@temptokena=\toks16
)
(/usr/share/texmf/tex/latex/base/inputenc.sty
Package: inputenc 2006/05/05 v1.1b Input encoding file
\inpenc@prehook=\toks17
\inpenc@posthook=\toks18

(/usr/share/texmf/tex/latex/ucs/utf8x.def
File: utf8x.def 2004/10/17 UCS: Input encoding UTF-8
))
(/usr/share/texmf/tex/generic/babel/babel.sty
Package: babel 2005/11/23 v3.8h The Babel package

(/usr/share/texmf/tex/generic/babel/frenchb.ldf
Language: french 2005/02/06 v1.6g French support from the babel system

(/usr/share/texmf/tex/generic/babel/babel.def
File: babel.def 2005/11/23 v3.8h Babel common definitions
\babel@savecnt=\count89
\U@D=\dimen103
)
Package babel Info: Making : an active character on input line 219.
Package babel Info: Making ; an active character on input line 220.
Package babel Info: Making ! an active character on input line 221.
Package babel Info: Making ? an active character on input line 222.
LaTeX Font Info:    Redeclaring font encoding T1 on input line 299.
\parindentFFN=\dimen104
\std@mcc=\count90
\dec@mcc=\count91

*************************************
* Local config file frenchb.cfg used
*
(/usr/share/texmf/tex/generic/babel/frenchb.cfg)))
(/usr/share/texmf/tex/latex/graphics/graphicx.sty
Package: graphicx 1999/02/16 v1.0f Enhanced LaTeX Graphics (DPC,SPQR)

(/usr/share/texmf/tex/latex/graphics/keyval.sty
Package: keyval 1999/03/16 v1.13 key=value parser (DPC)
\KV@toks@=\toks19
)
(/usr/share/texmf/tex/latex/graphics/graphics.sty
Package: graphics 2006/02/20 v1.0o Standard LaTeX Graphics (DPC,SPQR)

(/usr/share/texmf/tex/latex/graphics/trig.sty
Package: trig 1999/03/16 v1.09 sin cos tan (DPC)
)
(/usr/share/texmf/tex/latex/config/graphics.cfg
File: graphics.cfg 2007/01/18 v1.5 graphics configuration of teTeX/TeXLive
)
Package graphics Info: Driver file: pdftex.def on input line 90.

(/usr/share/texmf/tex/latex/pdftex-def/pdftex.def
File: pdftex.def 2007/01/08 v0.04d Graphics/color for pdfTeX
\Gread@gobject=\count92
))
\Gin@req@height=\dimen105
\Gin@req@width=\dimen106
)
(/usr/share/texmf/tex/latex/psnfss/mathpazo.sty
Package: mathpazo 2005/04/12 PSNFSS-v9.2a Palatino w/ Pazo Math (D.Puga, WaS) 
\symupright=\mathgroup4
)
(/usr/share/texmf/tex/latex/multirow/multirow.sty
\bigstrutjot=\dimen107
)
(/usr/share/texmf/tex/latex/hyperref/hyperref.sty
Package: hyperref 2007/02/07 v6.75r Hypertext links for LaTeX
\@linkdim=\dimen108
\Hy@linkcounter=\count93
\Hy@pagecounter=\count94

(/usr/share/texmf/tex/latex/hyperref/pd1enc.def
File: pd1enc.def 2007/02/07 v6.75r Hyperref: PDFDocEncoding definition (HO)
)
(/usr/share/texmf/tex/latex/config/hyperref.cfg
File: hyperref.cfg 2002/06/06 v1.2 hyperref configuration of TeXLive
)
(/usr/share/texmf/tex/latex/oberdiek/kvoptions.sty
Package: kvoptions 2006/08/22 v2.4 Connects package keyval with LaTeX options (
HO)
)
Package hyperref Info: Hyper figures OFF on input line 2288.
Package hyperref Info: Link nesting OFF on input line 2293.
Package hyperref Info: Hyper index ON on input line 2296.
Package hyperref Info: Plain pages OFF on input line 2303.
Package hyperref Info: Backreferencing OFF on input line 2308.

Implicit mode ON; LaTeX internals redefined
Package hyperref Info: Bookmarks ON on input line 2444.
(/usr/share/texmf/tex/latex/ltxmisc/url.sty
\Urlmuskip=\muskip10
Package: url 2005/06/27  ver 3.2  Verb mode for urls, etc.
)
LaTeX Info: Redefining \url on input line 2599.
\Fld@menulength=\count95
\Field@Width=\dimen109
\Fld@charsize=\dimen110
\Choice@toks=\toks20
\Field@toks=\toks21
Package hyperref Info: Hyper figures OFF on input line 3102.
Package hyperref Info: Link nesting OFF on input line 3107.
Package hyperref Info: Hyper index ON on input line 3110.
Package hyperref Info: backreferencing OFF on input line 3117.
Package hyperref Info: Link coloring OFF on input line 3122.
\Hy@abspage=\count96
\c@Item=\count97
\c@Hfootnote=\count98
)
*hyperref using default driver hpdftex*
(/usr/share/texmf/tex/latex/hyperref/hpdftex.def
File: hpdftex.def 2007/02/07 v6.75r Hyperref driver for pdfTeX
\Fld@listcount=\count99
)
(/usr/share/texmf/tex/latex/preprint/fullpage.sty
Package: fullpage 1999/02/23 1.1 (PWD)
\FP@margin=\skip43
) (./main.aux

LaTeX Warning: Label `lab:froc_comp_static' multiply defined.

)
\openout1 = `main.aux'.

LaTeX Font Info:    Checking defaults for OML/cmm/m/it on input line 55.
LaTeX Font Info:    ... okay on input line 55.
LaTeX Font Info:    Checking defaults for T1/lmr/m/n on input line 55.
LaTeX Font Info:    Try loading font information for T1+lmr on input line 55.
 (/usr/share/texmf/tex/latex/lm/t1lmr.fd
File: t1lmr.fd 2007/01/14 v1.3 Font defs for Latin Modern
)
LaTeX Font Info:    ... okay on input line 55.
LaTeX Font Info:    Checking defaults for OT1/cmr/m/n on input line 55.
LaTeX Font Info:    ... okay on input line 55.
LaTeX Font Info:    Checking defaults for OMS/cmsy/m/n on input line 55.
LaTeX Font Info:    ... okay on input line 55.
LaTeX Font Info:    Checking defaults for OMX/cmex/m/n on input line 55.
LaTeX Font Info:    ... okay on input line 55.
LaTeX Font Info:    Checking defaults for U/cmr/m/n on input line 55.
LaTeX Font Info:    ... okay on input line 55.
LaTeX Font Info:    Checking defaults for PD1/pdf/m/n on input line 55.
LaTeX Font Info:    ... okay on input line 55.
LaTeX Font Info:    Try loading font information for OT1+ppl on input line 55.

(/usr/share/texmf/tex/latex/psnfss/ot1ppl.fd
File: ot1ppl.fd 2001/06/04 font definitions for OT1/ppl.
)
(/usr/share/texmf/tex/latex/ucs/ucsencs.def
File: ucsencs.def 2003/11/29 Fixes to fontencodings LGR, T3
)

Package frenchb.ldf Warning: The definition of \@makecaption has been changed,
(frenchb.ldf)                frenchb will NOT customize it;
(frenchb.ldf)                reported on input line 55.

LaTeX Info: Redefining \dots on input line 55.
\big@size=\dimen111
Package hyperref Info: Link coloring OFF on input line 55.
(/usr/share/texmf/tex/latex/hyperref/nameref.sty
Package: nameref 2006/12/27 v2.28 Cross-referencing by name of section

(/usr/share/texmf/tex/latex/oberdiek/refcount.sty
Package: refcount 2006/02/20 v3.0 Data extraction from references (HO)
)
\c@section@level=\count100
)
LaTeX Info: Redefining \ref on input line 55.
LaTeX Info: Redefining \pageref on input line 55.
 (./main.out) (./main.out)
\@outlinefile=\write3
\openout3 = `main.out'.

LaTeX Font Info:    Try loading font information for OML+zplm on input line 76.


(/usr/share/texmf/tex/latex/psnfss/omlzplm.fd
File: omlzplm.fd 2002/09/08 Fontinst v1.914 font definitions for OML/zplm.
)
LaTeX Font Info:    Try loading font information for OMS+zplm on input line 76.


(/usr/share/texmf/tex/latex/psnfss/omszplm.fd
File: omszplm.fd 2002/09/08 Fontinst v1.914 font definitions for OMS/zplm.
)
LaTeX Font Info:    Try loading font information for OMX+zplm on input line 76.


(/usr/share/texmf/tex/latex/psnfss/omxzplm.fd
File: omxzplm.fd 2002/09/08 Fontinst v1.914 font definitions for OMX/zplm.
)
LaTeX Font Info:    Try loading font information for OT1+zplm on input line 76.


(/usr/share/texmf/tex/latex/psnfss/ot1zplm.fd
File: ot1zplm.fd 2002/09/08 Fontinst v1.914 font definitions for OT1/zplm.
) [1


{/usr/share/texmf/fonts/map/pdftex/updmap/pdftex.map}]
<images/logoPhilips.jpg, id=431, 204.16275pt x 144.17865pt>
File: images/logoPhilips.jpg Graphic file (type jpg)

<use images/logoPhilips.jpg>
<images/logoCREATIS.png, id=432, 483.52072pt x 294.24214pt>
File: images/logoCREATIS.png Graphic file (type png)

<use images/logoCREATIS.png>
LaTeX Font Info:    Font shape `OT1/ppl/bx/n' in size <12> not available
(Font)              Font shape `OT1/ppl/b/n' tried instead on input line 87.
 (/usr/share/texmf/tex/latex/ucs/data/uni-0.def
File: uni-0.def 2004/10/17 UCS: Unicode data U+0000..U+00FF
)
[2 <./images/logoPhilips.jpg> <./images/logoCREATIS.png>]
LaTeX Font Info:    Font shape `OT1/ppl/bx/n' in size <24.88> not available
(Font)              Font shape `OT1/ppl/b/n' tried instead on input line 95.
 (./main.toc
LaTeX Font Info:    Font shape `OT1/ppl/bx/n' in size <14.4> not available
(Font)              Font shape `OT1/ppl/b/n' tried instead on input line 2.
 [3

]
[4] [5] [6])
\tf@toc=\write4
\openout4 = `main.toc'.

 [7] [8

] [9] [10] [11

] [12] (./texte/ImagerieTEP.tex [13] [14

]
Chapitre 1.
LaTeX Font Info:    Font shape `OT1/ppl/bx/n' in size <17.28> not available
(Font)              Font shape `OT1/ppl/b/n' tried instead on input line 6.
[15] [16]
Chapitre 2.

Underfull \vbox (badness 1442) has occurred while \output is active []

 [17

]
[18]
Chapitre 3.
) [19

] [20

] [21] [22]
Chapitre 4.
(./texte/effets.tex
Overfull \hbox (32.41574pt too wide) in paragraph at lines 5--6
\OT1/ppl/m/n/12 toire. Cha-cune de ces phases com-bine plu-sieurs mou-ve-ments 
[]el[]ementaires [[]] : 
 []

<images/resp1.png, id=635, 210.7875pt x 255.95625pt>
File: images/resp1.png Graphic file (type png)
 <use images/resp1.png>
<images/resp3.png, id=636, 210.7875pt x 255.95625pt>
File: images/resp3.png Graphic file (type png)
 <use images/resp3.png>
<images/resp5.png, id=637, 210.7875pt x 255.95625pt>
File: images/resp5.png Graphic file (type png)
 <use images/resp5.png>
<images/resp7.png, id=638, 210.7875pt x 255.95625pt>
File: images/resp7.png Graphic file (type png)
 <use images/resp7.png>
<images/resp9.png, id=639, 210.7875pt x 255.95625pt>
File: images/resp9.png Graphic file (type png)
 <use images/resp9.png>
<images/resp11.png, id=640, 210.7875pt x 255.95625pt>
File: images/resp11.png Graphic file (type png)
 <use images/resp11.png>

LaTeX Warning: `!h' float specifier changed to `!ht'.


Overfull \hbox (2.23602pt too wide) in paragraph at lines 24--25
\OT1/ppl/m/n/12 male ou pro-fonde. Pour ces deux extr[]emes, la fr[]equence res
-pi-ra-toire va-rie de 5 cycles/min.
 []

[23

] <images/moyennageImage.pdf, id=656, 519.54097pt x 209.58301pt>
File: images/moyennageImage.pdf Graphic file (type pdf)

<use images/moyennageImage.pdf>

LaTeX Warning: `!h' float specifier changed to `!ht'.

[24 <./images/resp1.png (PNG copy)> <./images/resp3.png (PNG copy)> <./images/r
esp5.png (PNG copy)> <./images/resp7.png (PNG copy)> <./images/resp9.png (PNG c
opy)> <./images/resp11.png (PNG copy)>]
Underfull \vbox (badness 2818) has occurred while \output is active []

 [25 <./images/moyennageImage.pdf

pdfTeX warning: pdflatex (file ./images/moyennageImage.pdf): PDF inclusion: Pag
e Group detected which pdfTeX can't handle. Ignoring it.
>] <images/artefactCT1.pdf, id=699, 281.05pt x 532.38902pt>
File: images/artefactCT1.pdf Graphic file (type pdf)

<use images/artefactCT1.pdf>
<images/artefactCT2.pdf, id=700, 167.827pt x 309.958pt>
File: images/artefactCT2.pdf Graphic file (type pdf)

<use images/artefactCT2.pdf>
Overfull \hbox (2.89624pt too wide) in paragraph at lines 85--86
\OT1/ppl/m/n/12 d[]eplacement de la tu-meur est suf-fi-sam-ment grand par rap-p
ort []a son diam[]etre, la r[]eduction
 []

[26 <./images/artefactCT1.pdf

pdfTeX warning: pdflatex (file ./images/artefactCT1.pdf): PDF inclusion: Page G
roup detected which pdfTeX can't handle. Ignoring it.
> <./images/artefactCT2.pdf

pdfTeX warning: pdflatex (file ./images/artefactCT2.pdf): PDF inclusion: Page G
roup detected which pdfTeX can't handle. Ignoring it.
>]
Overfull \hbox (57.41154pt too wide) in paragraph at lines 99--100
[]\OT1/ppl/m/n/12 Volume et po-si-tion de la l[]esion : [[]] [[]] [[]] 
 []


Overfull \hbox (13.51163pt too wide) in paragraph at lines 106--107
[]\OT1/ppl/m/n/12 Je vais me concen-trer sur les deux pu-bli-ca-tions qui uti-l
isent un ob-ser-va-teur, et pr[]esenterai
 []


Overfull \hbox (28.94493pt too wide) in paragraph at lines 112--113
[]\OT1/ppl/m/n/12 Dans sa pu-bli-ca-tion, Thie-le-mans [[]] uti-lise le CHO [[]
]
 []


Overfull \hbox (2.41177pt too wide) in paragraph at lines 114--115
[]\OT1/ppl/m/n/12 Cependant ils uti-lisent le CHO uni-que-ment sur des l[]esion
s de fort diam[]etre et contraste
 []

<images/apportCHO.pdf, id=747, 684.15598pt x 528.37402pt>
File: images/apportCHO.pdf Graphic file (type pdf)

<use images/apportCHO.pdf> [27]
Overfull \hbox (19.46301pt too wide) in paragraph at lines 131--132
[]\OT1/ppl/m/n/12 Cette pu-bli-ca-tion uti-lise entre autres le rap-port si-gna
l sur bruit pour []evaluer l'am[]elioration
 []

) [28 <./images/apportCHO.pdf

pdfTeX warning: pdflatex (file ./images/apportCHO.pdf): PDF inclusion: Page Gro
up detected which pdfTeX can't handle. Ignoring it.
>]
Chapitre 5.
(./texte/estimation.tex <images/spiro.png, id=788, 486.81876pt x 312.16624pt>
File: images/spiro.png Graphic file (type png)

<use images/spiro.png>

LaTeX Warning: `!h' float specifier changed to `!ht'.


Package hyperref Warning: Token not allowed in a PDFDocEncoded string,
(hyperref)                removing `\unskip' on input line 19.

[29

] <images/varian.png, id=797, 1166.3575pt x 747.79375pt>
File: images/varian.png Graphic file (type png)

<use images/varian.png>

LaTeX Warning: `!h' float specifier changed to `!ht'.


Overfull \hbox (66.58733pt too wide) in paragraph at lines 41--42
[]\OT1/ppl/m/n/12 Une pu-bli-ca-tion uti-lise des images TEP pour d[]eduire le 
si-gnal res-pi-ra-toire [[]] :
 []

[30 <./images/spiro.png>]

Package hyperref Warning: The anchor of a bookmark and its parent's must not
(hyperref)                be the same. Added a new anchor on input line 45.


Overfull \hbox (10.28827pt too wide) in paragraph at lines 49--50
\OT1/ppl/m/n/12 en-semble d'image cou-vrant tout le cycle res-pi-ra-toire [[], 
[]].
 []

[31 <./images/varian.png>]
Overfull \hbox (38.83272pt too wide) in paragraph at lines 57--58
[]\OT1/ppl/m/n/12 Les donn[]ees re-group[]ees se-lon l'ins-tant du cycle au-que
l ils ap-par-tiennent [[],
 []


Overfull \hbox (46.21602pt too wide) in paragraph at lines 57--58
[]\OT1/ppl/m/n/12 ]. Les image sont re-cons-truites ind[]ependamment sans cor-r
ec-tion d'att[]enuation,
 []


Overfull \hbox (17.67923pt too wide) in paragraph at lines 57--58
\OT1/ppl/m/n/12 Ce-pen-dant, les images re-cons-truites sont de mau-vaises qua-
lit[]e et peuvent r[]eduire la pr[]ecision
 []

) [32]
Chapitre 6.
(./texte/methodes.tex <images/ET-IM.pdf, id=826, 533.995pt x 175.857pt>
File: images/ET-IM.pdf Graphic file (type pdf)

<use images/ET-IM.pdf>
Overfull \hbox (6.8282pt too wide) in paragraph at lines 19--20
[]\OT1/ppl/m/n/12 Une autre pu-bli-ca-tion [[]] uti-lise un ther-mom[]etre d[]e
tectant l'air chaud
 []

<images/gatingBoucher2004.png, id=830, 302.22pt x 194.05833pt>
File: images/gatingBoucher2004.png Graphic file (type png)

<use images/gatingBoucher2004.png>

LaTeX Warning: `!h' float specifier changed to `!ht'.


Overfull \hbox (67.3082pt too wide) in paragraph at lines 29--30
[]\OT1/ppl/m/n/12 Une va-riante de cette tech-nique ne n[]ecessitant pas de cap
-teur est d[]ecrite dans [[]].
 []

[33

 <./images/ET-IM.pdf

pdfTeX warning: pdflatex (file ./images/ET-IM.pdf): PDF inclusion: Page Group d
etected which pdfTeX can't handle. Ignoring it.
>] <images/chang2010.png, id=856, 553.851pt x 269.67416pt>
File: images/chang2010.png Graphic file (type png)

<use images/chang2010.png>

LaTeX Warning: `!h' float specifier changed to `!ht'.


Overfull \hbox (13.63553pt too wide) in paragraph at lines 43--44
\OT1/ppl/m/n/12 tion beau-coup plus long []a qua-lit[]e d'image []egale. Si l'o
n ne conserve que 20% des []ev[]enements
 []


Overfull \hbox (5.29611pt too wide) in paragraph at lines 48--49
\OT1/ppl/m/n/12 mou-ve-ment res-pi-ra-toire. Les images de chaque phase sont re
-cons-truites ind[]ependamment,
 []


Underfull \vbox (badness 10000) has occurred while \output is active []

 [34 <./images/gatingBoucher2004.png (PNG copy)>]

Package hyperref Warning: Token not allowed in a PDFDocEncoded string,
(hyperref)                removing `\unskip' on input line 54.


Overfull \hbox (8.41226pt too wide) in paragraph at lines 54--55
[]\OT1/ppl/m/n/12 Le mou-ve-ment res-pi-ra-toire corps en-tier est com-plexe et
 n[]ec[]essite des mod[]eles []elastiques
 []

[35 <./images/chang2010.png (PNG copy)>]
Overfull \hbox (73.80284pt too wide) in paragraph at lines 65--67
\OT1/ppl/m/n/12 L'al-go-rithme a []et[]e []etudi[]e sur des images de pa-tients
 r[]eels. Une autre pu-bli-ca-tion [[]]
 []

<images/recalageLOR.png, id=883, 822.07124pt x 548.0475pt>
File: images/recalageLOR.png Graphic file (type png)

<use images/recalageLOR.png>

LaTeX Warning: `!h' float specifier changed to `!ht'.

<images/bloomfield2003design.png, id=884, 352.809pt x 193.38916pt>
File: images/bloomfield2003design.png Graphic file (type png)

<use images/bloomfield2003design.png>
<images/livieratos2005rigid.png, id=885, 273.312pt x 481.8pt>
File: images/livieratos2005rigid.png Graphic file (type png)

<use images/livieratos2005rigid.png>

LaTeX Warning: `!h' float specifier changed to `!ht'.


Overfull \hbox (76.66026pt too wide) in paragraph at lines 102--103
\OT1/ppl/m/n/12 mou-ve-ment pen-dant la re-cons-truc-tion. Qiao et al.[[]] et L
a-mare et al. [[]]
 []

[36] [37 <./images/recalageLOR.png (PNG copy)> <./images/bloomfield2003design.p
ng> <./images/livieratos2005rigid.png (PNG copy)>]
Overfull \hbox (35.69127pt too wide) in paragraph at lines 125--126
\OT1/ppl/m/n/12 par[]ees avec la cor-rec-tion par syn-chro-ni-sa-tion res-pi-ra
-toire avec re-ca-lage pr[]esent[]ee pr[]ec[]edemment
 []

<images/lamare2007list.png, id=910, 248.97015pt x 170.5572pt>
File: images/lamare2007list.png Graphic file (type png)

<use images/lamare2007list.png>

LaTeX Warning: `!h' float specifier changed to `!ht'.

) [38] [39 <./images/lamare2007list.png>] [40

] [41] [42] (./texte/eval.tex
Chapitre 7.
[43

]
Overfull \hbox (12.38802pt too wide) in paragraph at lines 42--43
\OT1/ppl/m/n/12 tions sur la gra-vit[]e des l[]esions, comme les tech-niques de
 gra-da-tion de [[]]). 
 []


Overfull \hbox (39.95142pt too wide) in paragraph at lines 44--45
\OT1/ppl/m/n/12 fal-lait une m[]etrique per-met-tant de tes-ter les per-for-man
ces des syst[]emes RA-DAR [[]]
 []


Overfull \hbox (3.19276pt too wide) in paragraph at lines 48--49
[]\OT1/ppl/m/n/12 Les ROC [[]][[]] sont des courbes in-di-quant la sp[]ecificit
[]e
 []


Overfull \hbox (3.7679pt too wide) in paragraph at lines 52--53
[]\OT1/ppl/m/n/12 l'[]evaluation d'un ob-ser-va-teur par la m[]ethode ROC im-pl
ique de cr[]eer un jeu de donn[]ees
 []

[44]
Overfull \hbox (1.512pt too wide) in paragraph at lines 54--55
[]\OT1/ppl/m/n/12 L'observateur peut []etre un hu-main ou un al-go-rithme, et l
es notes peuvent []etre discr[]etes
 []

<images/loiROC.pdf, id=967, 402.7597pt x 219.47934pt>
File: images/loiROC.pdf Graphic file (type pdf)
 <use images/loiROC.pdf>
[45 <./images/loiROC.pdf

pdfTeX warning: pdflatex (file ./images/loiROC.pdf): PDF inclusion: Page Group 
detected which pdfTeX can't handle. Ignoring it.
>]
Underfull \vbox (badness 10000) has occurred while \output is active []

 [46]
<images/FROC.pdf, id=1008, 453.34677pt x 220.65294pt>
File: images/FROC.pdf Graphic file (type pdf)
 <use images/FROC.pdf>
Underfull \vbox (badness 2119) has occurred while \output is active []

 [47 <./images/FROC.pdf

pdfTeX warning: pdflatex (file ./images/FROC.pdf): PDF inclusion: Page Group de
tected which pdfTeX can't handle. Ignoring it.
>]
Overfull \hbox (0.56079pt too wide) in paragraph at lines 143--144
[]\OT1/ppl/m/n/12 Les poids $\OML/zplm/m/it/12 W[]$ \OT1/ppl/m/n/12 cor-res-pon
dent []a l'im-por-tance re-la-tive de d[]etecter la l[]esion $\OML/zplm/m/it/12
 k$ \OT1/ppl/m/n/12 dans l'image
 []

[48] [49] [50

]
Chapitre 8.

Overfull \hbox (2.31621pt too wide) in paragraph at lines 157--158
[]\OT1/ppl/m/n/12 Les syst[]emes CAD (Computer-Aided-Detection) sont des al-go-
rithmes per-met-tant d'as-
 []


Overfull \hbox (15.08784pt too wide) in paragraph at lines 157--158
\OT1/ppl/m/n/12 sis-ter le pra-ti-cien dans la d[]etection des l[]esions ou le 
clas-se-ment des images images m[]edicales.
 []


Overfull \hbox (34.42993pt too wide) in paragraph at lines 157--158
\OT1/ppl/m/n/12 Dans le cadre de l'ima-ge-rie TEP on-co-lo-gique, le be-soin pr
in-ci-pal est ce-lui du suivi th[]erapeutique.
 []


Overfull \hbox (2.84543pt too wide) in paragraph at lines 159--160
[]\OT1/ppl/m/n/12 Le d[]eveloppement des syst[]emes CAD a d[]ebut[]e dans les a
nn[]ees 1980 [[]],
 []

<images/fonctionnementClassif.pdf, id=1040, 1225.9516pt x 780.65756pt>
File: images/fonctionnementClassif.pdf Graphic file (type pdf)

<use images/fonctionnementClassif.pdf>

LaTeX Warning: `h' float specifier changed to `ht'.


Overfull \hbox (7.22855pt too wide) in paragraph at lines 176--177
\OT1/ppl/m/n/12 vise []a maxi-mi-ser la marge[[]], qui est la dis-tance entre l
es points des donn[]ees
 []


Underfull \vbox (badness 1546) has occurred while \output is active []

 [51]
<images/SVM.pdf, id=1048, 301.16335pt x 217.28198pt>
File: images/SVM.pdf Graphic file (type pdf)
 <use images/SVM.pdf>

LaTeX Warning: `h' float specifier changed to `ht'.


Overfull \hbox (4.81573pt too wide) in paragraph at lines 188--189
\OT1/ppl/m/n/12 l'en-semble des donn[]ees []a trai-ter. Il de-vra de lui-m[]eme
 les clas-ser par si-mi-li-tude en groupes.
 []

<images/fonctionnementClassifNonSup.pdf, id=1050, 1225.9516pt x 815.10823pt>
File: images/fonctionnementClassifNonSup.pdf Graphic file (type pdf)

<use images/fonctionnementClassifNonSup.pdf>

LaTeX Warning: `h' float specifier changed to `ht'.


Underfull \vbox (badness 6477) has occurred while \output is active []

 [52 <./images/fonctionnementClassif.pdf

pdfTeX warning: pdflatex (file ./images/fonctionnementClassif.pdf): PDF inclusi
on: Page Group detected which pdfTeX can't handle. Ignoring it.
>]) [53 <./images/SVM.pdf

pdfTeX warning: pdflatex (file ./images/SVM.pdf): PDF inclusion: Page Group det
ected which pdfTeX can't handle. Ignoring it.
>] [54 <./images/fonctionnementClassifNonSup.pdf

pdfTeX warning: pdflatex (file ./images/fonctionnementClassifNonSup.pdf): PDF i
nclusion: Page Group detected which pdfTeX can't handle. Ignoring it.
>] [55

] [56]
Chapitre 9.
[57

] [58

]
Chapitre 10.
[59] [60

] [61] [62] (./texte/resultats.tex
Chapitre 11.

Overfull \hbox (30.20456pt too wide) in paragraph at lines 12--13
[]\OT1/ppl/m/n/12 Elles sont com-par[]ees avec les images non Cor-rig[]ees et d
es images sta-tiques (qui repr[]esentent
 []


Underfull \vbox (badness 1831) has occurred while \output is active []

 [63

]
[64] [65] [66

]
Chapitre 12.
<images/pareto_param_200.png, id=1155, 1307.88625pt x 487.8225pt>
File: images/pareto_param_200.png Graphic file (type png)

<use images/pareto_param_200.png>
<images/pareto_param_100.png, id=1156, 1307.88625pt x 487.8225pt>
File: images/pareto_param_100.png Graphic file (type png)

<use images/pareto_param_100.png>
<images/pareto_param_1000.png, id=1157, 1307.88625pt x 487.8225pt>
File: images/pareto_param_1000.png Graphic file (type png)

<use images/pareto_param_1000.png>

LaTeX Warning: `!h' float specifier changed to `!ht'.

<images/pareto_param_range.png, id=1158, 1307.88625pt x 487.8225pt>
File: images/pareto_param_range.png Graphic file (type png)

<use images/pareto_param_range.png>
<images/pareto_param_erosion.png, id=1159, 1307.88625pt x 487.8225pt>
File: images/pareto_param_erosion.png Graphic file (type png)

<use images/pareto_param_erosion.png>

LaTeX Warning: `!h' float specifier changed to `!ht'.


Overfull \hbox (29.09232pt too wide) in paragraph at lines 275--293
[][] 
 []


LaTeX Warning: `!h' float specifier changed to `!ht'.


LaTeX Warning: Reference `fig:paretoParams' on page 67 undefined on input line 
306.

[67]

LaTeX Warning: Reference `fig:paretoParams' on page 68 undefined on input line 
329.

File: images/pareto_param_erosion.png Graphic file (type png)
<use images/pareto_param_erosion.png>
Underfull \vbox (badness 1902) has occurred while \output is active []

 [68 <./images/pareto_param_erosion.png>]

LaTeX Warning: Reference `fig:paretoParams' on page 69 undefined on input line 
353.

File: images/pareto_param_100.png Graphic file (type png)
<use images/pareto_param_100.png>

LaTeX Warning: Reference `fig:paretoParams' on page 69 undefined on input line 
380.

[69 <./images/pareto_param_100.png>]

LaTeX Warning: Reference `fig:paretoParams' on page 70 undefined on input line 
405.

<images/JAFROC_param.pdf, id=1180, 496.85625pt x 262.9825pt>
File: images/JAFROC_param.pdf Graphic file (type pdf)

<use images/JAFROC_param.pdf>

LaTeX Warning: `!h' float specifier changed to `!ht'.

<images/FOM_param.pdf, id=1181, 694.595pt x 374.39874pt>
File: images/FOM_param.pdf Graphic file (type pdf)

<use images/FOM_param.pdf> [70]
Overfull \hbox (23.89688pt too wide) in paragraph at lines 444--444
[]\OT1/ppl/b/n/17.28 Comparaison des per-for-mances des diff^^Serentes m^^Setho
des 
 []

<images/pareto_mod_IM.png, id=1188, 1307.88625pt x 487.8225pt>
File: images/pareto_mod_IM.png Graphic file (type png)

<use images/pareto_mod_IM.png>
<images/pareto_mod_LOR.png, id=1189, 1307.88625pt x 487.8225pt>
File: images/pareto_mod_LOR.png Graphic file (type png)

<use images/pareto_mod_LOR.png>
<images/pareto_mod_NoCorr.png, id=1190, 1307.88625pt x 487.8225pt>
File: images/pareto_mod_NoCorr.png Graphic file (type png)

<use images/pareto_mod_NoCorr.png>

LaTeX Warning: `!h' float specifier changed to `!ht'.


LaTeX Warning: `!h' float specifier changed to `!ht'.


LaTeX Warning: `!h' float specifier changed to `!ht'.


Overfull \hbox (0.91335pt too wide) in paragraph at lines 540--541
[]\OT1/ppl/m/n/12 Cette base contient des donn[]ees nor-ma-lis[]ees par la m[]e
thode mean/std. avec 200 points
 []

[71 <./images/FOM_param.pdf>]
Overfull \hbox (0.91335pt too wide) in paragraph at lines 567--568
[]\OT1/ppl/m/n/12 Cette base contient des donn[]ees nor-ma-lis[]ees par la m[]e
thode mean/std. avec 200 points
 []


Overfull \hbox (0.91335pt too wide) in paragraph at lines 594--595
[]\OT1/ppl/m/n/12 Cette base contient des donn[]ees nor-ma-lis[]ees par la m[]e
thode mean/std. avec 200 points
 []

[72]
Overfull \hbox (1.5012pt too wide) in paragraph at lines 621--622
[]\OT1/ppl/m/n/12 La p-value est de 0.10, ce qui ne per-met pas de d[]eclarer q
ue sta-tis-ti-que-ment les donn[]ees
 []

<images/FOM_mod.pdf, id=1219, 694.595pt x 371.3875pt>
File: images/FOM_mod.pdf Graphic file (type pdf)
 <use images/FOM_mod.pdf>
<images/JAFROC_mod.pdf, id=1221, 496.85625pt x 258.9675pt>
File: images/JAFROC_mod.pdf Graphic file (type pdf)

<use images/JAFROC_mod.pdf>

LaTeX Warning: `!h' float specifier changed to `!ht'.

) [73 <./images/FOM_mod.pdf>] [74 <./images/pareto_param_200.png> <./images/par
eto_param_1000.png>] [75 <./images/pareto_param_range.png>] [76 <./images/JAFRO
C_param.pdf>] [77 <./images/pareto_mod_IM.png> <./images/pareto_mod_LOR.png> <.
/images/pareto_mod_NoCorr.png>] [78 <./images/JAFROC_mod.pdf>] [79

] [80]
[81

] [82] (./main.bbl [83

] [84] [85]
Underfull \hbox (badness 10000) in paragraph at lines 255--259
[]\OT1/ppl/m/n/12 servant la-val, A. (2007).  Cours ana-to-
 []


Underfull \hbox (badness 10000) in paragraph at lines 255--259
\OT1/ppl/m/n/12 mie fonc-tion-nelle.  Dis-po-nible sur In-ter-net []a l'adresse

 []

) [86] (./main.aux)

LaTeX Warning: There were undefined references.


LaTeX Warning: There were multiply-defined labels.

 ) 
Here is how much of TeX's memory you used:
 4739 strings out of 256216
 66353 string characters out of 1917072
 131501 words of memory out of 1500000
 7574 multiletter control sequences out of 10000+200000
 42534 words of font info for 109 fonts, out of 1200000 for 2000
 645 hyphenation exceptions out of 8191
 25i,12n,45p,1010b,555s stack positions out of 5000i,500n,6000p,200000b,15000s
{/usr/share/texmf/fonts/enc/dvips/base/8r.enc}</usr/share/texmf/fonts/type1/b
luesky/cm/cmex10.pfb></usr/share/texmf/fonts/type1/bluesky/cm/cmmi10.pfb></usr/
share/texmf/fonts/type1/bluesky/cm/cmr10.pfb></usr/share/texmf/fonts/type1/blue
sky/cm/cmsy10.pfb></usr/share/texmf/fonts/type1/public/mathpazo/fplmr.pfb></usr
/share/texmf/fonts/type1/public/mathpazo/fplmri.pfb></usr/share/texmf/fonts/typ
e1/urw/palatino/uplb8a.pfb></usr/share/texmf/fonts/type1/urw/palatino/uplr8a.pf
b></usr/share/texmf/fonts/type1/urw/palatino/uplri8a.pfb>
Output written on main.pdf (86 pages, 3831429 bytes).
PDF statistics:
 1434 PDF objects out of 1440 (max. 8388607)
 302 named destinations out of 1000 (max. 131072)
 1047 words of extra memory for PDF output out of 10000 (max. 10000000)

