This is pdfTeXk, Version 3.141592-1.40.3 (Web2C 7.5.6) (format=pdflatex 2009.12.9)  1 MAR 2011 17:48
entering extended mode
 %&-line parsing enabled.
**main.tex
(./main.tex
LaTeX2e <2005/12/01>
Babel <v3.8h> and hyphenation patterns for english, usenglishmax, dumylang, noh
yphenation, arabic, basque, bulgarian, coptic, welsh, czech, slovak, german, ng
erman, danish, esperanto, spanish, catalan, galician, estonian, farsi, finnish,
 french, greek, monogreek, ancientgreek, croatian, hungarian, interlingua, ibyc
us, indonesian, icelandic, italian, latin, mongolian, dutch, norsk, polish, por
tuguese, pinyin, romanian, russian, slovenian, uppersorbian, serbian, swedish, 
turkish, ukenglish, ukrainian, loaded.
(/usr/share/texmf/tex/latex/base/article.cls
Document Class: article 2005/09/16 v1.4f Standard LaTeX document class
(/usr/share/texmf/tex/latex/base/size12.clo
File: size12.clo 2005/09/16 v1.4f Standard LaTeX file (size option)
)
\c@part=\count79
\c@section=\count80
\c@subsection=\count81
\c@subsubsection=\count82
\c@paragraph=\count83
\c@subparagraph=\count84
\c@figure=\count85
\c@table=\count86
\abovecaptionskip=\skip41
\belowcaptionskip=\skip42
\bibindent=\dimen102
)
(/usr/share/texmf/tex/latex/ucs/ucs.sty
Package: ucs 2004/10/17 UCS: Unicode input support

(/usr/share/texmf/tex/latex/ucs/data/uni-global.def
File: uni-global.def 2004/10/17 UCS: Unicode global data
)
\uc@secondtry=\count87
\uc@combtoks=\toks14
\uc@combtoksb=\toks15
\uc@temptokena=\toks16
)
(/usr/share/texmf/tex/latex/base/inputenc.sty
Package: inputenc 2006/05/05 v1.1b Input encoding file
\inpenc@prehook=\toks17
\inpenc@posthook=\toks18

(/usr/share/texmf/tex/latex/ucs/utf8x.def
File: utf8x.def 2004/10/17 UCS: Input encoding UTF-8
))
(/usr/share/texmf/tex/generic/babel/babel.sty
Package: babel 2005/11/23 v3.8h The Babel package

(/usr/share/texmf/tex/generic/babel/frenchb.ldf
Language: french 2005/02/06 v1.6g French support from the babel system

(/usr/share/texmf/tex/generic/babel/babel.def
File: babel.def 2005/11/23 v3.8h Babel common definitions
\babel@savecnt=\count88
\U@D=\dimen103
)
Package babel Info: Making : an active character on input line 219.
Package babel Info: Making ; an active character on input line 220.
Package babel Info: Making ! an active character on input line 221.
Package babel Info: Making ? an active character on input line 222.
LaTeX Font Info:    Redeclaring font encoding T1 on input line 299.
\parindentFFN=\dimen104
\std@mcc=\count89
\dec@mcc=\count90

*************************************
* Local config file frenchb.cfg used
*
(/usr/share/texmf/tex/generic/babel/frenchb.cfg)))
(/usr/share/texmf/tex/latex/psnfss/mathpple.sty
Package: mathpple 2005/04/12 PSNFSS-v9.2a Palatino w/ Math (WaS) 


Package mathpple Warning: This package is to be regarded as obsolete.
(mathpple)                See the PSNFSS documentation.

) (/usr/share/texmf/tex/latex/graphics/graphicx.sty
Package: graphicx 1999/02/16 v1.0f Enhanced LaTeX Graphics (DPC,SPQR)

(/usr/share/texmf/tex/latex/graphics/keyval.sty
Package: keyval 1999/03/16 v1.13 key=value parser (DPC)
\KV@toks@=\toks19
)
(/usr/share/texmf/tex/latex/graphics/graphics.sty
Package: graphics 2006/02/20 v1.0o Standard LaTeX Graphics (DPC,SPQR)

(/usr/share/texmf/tex/latex/graphics/trig.sty
Package: trig 1999/03/16 v1.09 sin cos tan (DPC)
)
(/usr/share/texmf/tex/latex/config/graphics.cfg
File: graphics.cfg 2007/01/18 v1.5 graphics configuration of teTeX/TeXLive
)
Package graphics Info: Driver file: pdftex.def on input line 90.

(/usr/share/texmf/tex/latex/pdftex-def/pdftex.def
File: pdftex.def 2007/01/08 v0.04d Graphics/color for pdfTeX
\Gread@gobject=\count91
))
\Gin@req@height=\dimen105
\Gin@req@width=\dimen106
)
(/usr/share/texmf/tex/latex/hyperref/hyperref.sty
Package: hyperref 2007/02/07 v6.75r Hypertext links for LaTeX
\@linkdim=\dimen107
\Hy@linkcounter=\count92
\Hy@pagecounter=\count93

(/usr/share/texmf/tex/latex/hyperref/pd1enc.def
File: pd1enc.def 2007/02/07 v6.75r Hyperref: PDFDocEncoding definition (HO)
)
(/usr/share/texmf/tex/latex/config/hyperref.cfg
File: hyperref.cfg 2002/06/06 v1.2 hyperref configuration of TeXLive
)
(/usr/share/texmf/tex/latex/oberdiek/kvoptions.sty
Package: kvoptions 2006/08/22 v2.4 Connects package keyval with LaTeX options (
HO)
)
Package hyperref Info: Hyper figures OFF on input line 2288.
Package hyperref Info: Link nesting OFF on input line 2293.
Package hyperref Info: Hyper index ON on input line 2296.
Package hyperref Info: Plain pages OFF on input line 2303.
Package hyperref Info: Backreferencing OFF on input line 2308.

Implicit mode ON; LaTeX internals redefined
Package hyperref Info: Bookmarks ON on input line 2444.
(/usr/share/texmf/tex/latex/ltxmisc/url.sty
\Urlmuskip=\muskip10
Package: url 2005/06/27  ver 3.2  Verb mode for urls, etc.
)
LaTeX Info: Redefining \url on input line 2599.
\Fld@menulength=\count94
\Field@Width=\dimen108
\Fld@charsize=\dimen109
\Choice@toks=\toks20
\Field@toks=\toks21
Package hyperref Info: Hyper figures OFF on input line 3102.
Package hyperref Info: Link nesting OFF on input line 3107.
Package hyperref Info: Hyper index ON on input line 3110.
Package hyperref Info: backreferencing OFF on input line 3117.
Package hyperref Info: Link coloring OFF on input line 3122.
\Hy@abspage=\count95
\c@Item=\count96
\c@Hfootnote=\count97
)
*hyperref using default driver hpdftex*
(/usr/share/texmf/tex/latex/hyperref/hpdftex.def
File: hpdftex.def 2007/02/07 v6.75r Hyperref driver for pdfTeX
\Fld@listcount=\count98
)
(/usr/share/texmf/tex/latex/amsmath/amsmath.sty
Package: amsmath 2000/07/18 v2.13 AMS math features
\@mathmargin=\skip43

For additional information on amsmath, use the `?' option.
(/usr/share/texmf/tex/latex/amsmath/amstext.sty
Package: amstext 2000/06/29 v2.01

(/usr/share/texmf/tex/latex/amsmath/amsgen.sty
File: amsgen.sty 1999/11/30 v2.0
\@emptytoks=\toks22
\ex@=\dimen110
))
(/usr/share/texmf/tex/latex/amsmath/amsbsy.sty
Package: amsbsy 1999/11/29 v1.2d
\pmbraise@=\dimen111
)
(/usr/share/texmf/tex/latex/amsmath/amsopn.sty
Package: amsopn 1999/12/14 v2.01 operator names
)
\inf@bad=\count99
LaTeX Info: Redefining \frac on input line 211.
\uproot@=\count100
\leftroot@=\count101
LaTeX Info: Redefining \overline on input line 307.
\classnum@=\count102
\DOTSCASE@=\count103
LaTeX Info: Redefining \ldots on input line 379.
LaTeX Info: Redefining \dots on input line 382.
LaTeX Info: Redefining \cdots on input line 467.
\Mathstrutbox@=\box26
\strutbox@=\box27
\big@size=\dimen112
LaTeX Font Info:    Redeclaring font encoding OML on input line 567.
LaTeX Font Info:    Redeclaring font encoding OMS on input line 568.
\macc@depth=\count104
\c@MaxMatrixCols=\count105
\dotsspace@=\muskip11
\c@parentequation=\count106
\dspbrk@lvl=\count107
\tag@help=\toks23
\row@=\count108
\column@=\count109
\maxfields@=\count110
\andhelp@=\toks24
\eqnshift@=\dimen113
\alignsep@=\dimen114
\tagshift@=\dimen115
\tagwidth@=\dimen116
\totwidth@=\dimen117
\lineht@=\dimen118
\@envbody=\toks25
\multlinegap=\skip44
\multlinetaggap=\skip45
\mathdisplay@stack=\toks26
LaTeX Info: Redefining \[ on input line 2666.
LaTeX Info: Redefining \] on input line 2667.
)
(/usr/share/texmf/tex/latex/tocloft/tocloft.sty
Package: tocloft 2003/09/26 v2.3c parameterised ToC, etc., typesetting


Package tocloft Note: The document has section divisions.

\cftparskip=\skip46
\cftbeforetoctitleskip=\skip47
\cftaftertoctitleskip=\skip48
\cftbeforepartskip=\skip49
\cftpartnumwidth=\skip50
\cftpartindent=\skip51
\cftbeforesecskip=\skip52
\cftsecindent=\skip53
\cftsecnumwidth=\skip54
\cftbeforesubsecskip=\skip55
\cftsubsecindent=\skip56
\cftsubsecnumwidth=\skip57
\cftbeforesubsubsecskip=\skip58
\cftsubsubsecindent=\skip59
\cftsubsubsecnumwidth=\skip60
\cftbeforeparaskip=\skip61
\cftparaindent=\skip62
\cftparanumwidth=\skip63
\cftbeforesubparaskip=\skip64
\cftsubparaindent=\skip65
\cftsubparanumwidth=\skip66
\cftbeforeloftitleskip=\skip67
\cftafterloftitleskip=\skip68
\cftbeforefigskip=\skip69
\cftfigindent=\skip70
\cftfignumwidth=\skip71
\c@lofdepth=\count111
\c@lotdepth=\count112
\cftbeforelottitleskip=\skip72
\cftafterlottitleskip=\skip73
\cftbeforetabskip=\skip74
\cfttabindent=\skip75
\cfttabnumwidth=\skip76
)
No file main.aux.
\openout1 = `main.aux'.

LaTeX Font Info:    Checking defaults for OML/cmm/m/it on input line 51.
LaTeX Font Info:    ... okay on input line 51.
LaTeX Font Info:    Checking defaults for T1/lmr/m/n on input line 51.
LaTeX Font Info:    Try loading font information for T1+lmr on input line 51.
(/usr/share/texmf/tex/latex/lm/t1lmr.fd
File: t1lmr.fd 2007/01/14 v1.3 Font defs for Latin Modern
)
LaTeX Font Info:    ... okay on input line 51.
LaTeX Font Info:    Checking defaults for OT1/cmr/m/n on input line 51.
LaTeX Font Info:    ... okay on input line 51.
LaTeX Font Info:    Checking defaults for OMS/cmsy/m/n on input line 51.
LaTeX Font Info:    ... okay on input line 51.
LaTeX Font Info:    Checking defaults for OMX/cmex/m/n on input line 51.
LaTeX Font Info:    ... okay on input line 51.
LaTeX Font Info:    Checking defaults for U/cmr/m/n on input line 51.
LaTeX Font Info:    ... okay on input line 51.
LaTeX Font Info:    Checking defaults for PD1/pdf/m/n on input line 51.
LaTeX Font Info:    ... okay on input line 51.
LaTeX Font Info:    Try loading font information for OT1+ppl on input line 51.

(/usr/share/texmf/tex/latex/psnfss/ot1ppl.fd
File: ot1ppl.fd 2001/06/04 font definitions for OT1/ppl.
)
(/usr/share/texmf/tex/latex/ucs/ucsencs.def
File: ucsencs.def 2003/11/29 Fixes to fontencodings LGR, T3
)

Package frenchb.ldf Warning: The definition of \@makecaption has been changed,
(frenchb.ldf)                frenchb will NOT customize it;
(frenchb.ldf)                reported on input line 51.

LaTeX Info: Redefining \dots on input line 51.
Package hyperref Info: Link coloring OFF on input line 51.
(/usr/share/texmf/tex/latex/hyperref/nameref.sty
Package: nameref 2006/12/27 v2.28 Cross-referencing by name of section

(/usr/share/texmf/tex/latex/oberdiek/refcount.sty
Package: refcount 2006/02/20 v3.0 Data extraction from references (HO)
)
\c@section@level=\count113
)
LaTeX Info: Redefining \ref on input line 51.
LaTeX Info: Redefining \pageref on input line 51.
 (./main.out) (./main.out)
\@outlinefile=\write3
\openout3 = `main.out'.

LaTeX Font Info:    Try loading font information for OT1+zpple on input line 71
.

(/usr/share/texmf/tex/latex/psnfss/ot1zpple.fd
File: ot1zpple.fd 1999/12/20 Fontinst v1.801 font definitions for OT1/zpple.
)
LaTeX Font Info:    Try loading font information for OML+zpple on input line 71
.

(/usr/share/texmf/tex/latex/psnfss/omlzpple.fd
File: omlzpple.fd 1999/12/20 Fontinst v1.801 font definitions for OML/zpple.
)
LaTeX Font Info:    Try loading font information for OMS+zpple on input line 71
.

(/usr/share/texmf/tex/latex/psnfss/omszpple.fd
File: omszpple.fd 1999/12/20 Fontinst v1.801 font definitions for OMS/zpple.
)
LaTeX Font Info:    Try loading font information for OMX+zpple on input line 71
.

(/usr/share/texmf/tex/latex/psnfss/omxzpple.fd
File: omxzpple.fd 1999/12/20 Fontinst v1.801 font definitions for OMX/zpple.
)
<images/logoPhilips.jpg, id=119, 204.16275pt x 144.17865pt>
File: images/logoPhilips.jpg Graphic file (type jpg)

<use images/logoPhilips.jpg>
<images/logoCREATIS.png, id=120, 483.52072pt x 294.24214pt>
File: images/logoCREATIS.png Graphic file (type png)

<use images/logoCREATIS.png>
LaTeX Font Info:    Font shape `OT1/ppl/bx/n' in size <12> not available
(Font)              Font shape `OT1/ppl/b/n' tried instead on input line 82.
 (/usr/share/texmf/tex/latex/ucs/data/uni-0.def
File: uni-0.def 2004/10/17 UCS: Unicode data U+0000..U+00FF
)
[1

{/usr/share/texmf/fonts/map/pdftex/updmap/pdftex.map} <./images/logoPhilips.jpg
> <./images/logoCREATIS.png>]
LaTeX Font Info:    Font shape `OT1/ppl/bx/n' in size <17.28> not available
(Font)              Font shape `OT1/ppl/b/n' tried instead on input line 90.


Package hyperref Warning: old toc file detected, not used; run LaTeX again.

\tf@toc=\write4
\openout4 = `main.toc'.

[2]
LaTeX Font Info:    Font shape `OT1/ppl/bx/n' in size <24.88> not available
(Font)              Font shape `OT1/ppl/b/n' tried instead on input line 93.
 (./texte/effets.tex
Overfull \hbox (68.84941pt too wide) in paragraph at lines 5--6
[]\OT1/ppl/m/n/12 [Cours ana-to-mie fonc-tion-nelle, Agn[]es servant-laval, htt
p ://www.chups.jussieu.fr] : 
 []

<images/resp1.png, id=133, 210.7875pt x 255.95625pt>
File: images/resp1.png Graphic file (type png)
 <use images/resp1.png>
<images/resp3.png, id=134, 210.7875pt x 255.95625pt>
File: images/resp3.png Graphic file (type png)
 <use images/resp3.png>
<images/resp5.png, id=135, 210.7875pt x 255.95625pt>
File: images/resp5.png Graphic file (type png)
 <use images/resp5.png>
<images/resp7.png, id=136, 210.7875pt x 255.95625pt>
File: images/resp7.png Graphic file (type png)
 <use images/resp7.png>
<images/resp9.png, id=137, 210.7875pt x 255.95625pt>
File: images/resp9.png Graphic file (type png)
 <use images/resp9.png>
<images/resp11.png, id=138, 210.7875pt x 255.95625pt>
File: images/resp11.png Graphic file (type png)
 <use images/resp11.png>

LaTeX Warning: `!h' float specifier changed to `!ht'.


LaTeX Warning: Citation `sherwood2006fundamentals' on page 3 undefined on input
 line 24.


LaTeX Warning: Reference `fig:effetMvt' on page 3 undefined on input line 36.


LaTeX Warning: Citation `lamare2007respiratory' on page 3 undefined on input li
ne 36.


LaTeX Warning: Reference `eq:PRD' on page 3 undefined on input line 36.


Package hyperref Warning: Token not allowed in a PDFDocEncoded string,
(hyperref)                removing `\unskip' on input line 36.

[3] <images/moyennageImage.pdf, id=150, 519.54097pt x 209.58301pt>
File: images/moyennageImage.pdf Graphic file (type pdf)

<use images/moyennageImage.pdf>

LaTeX Warning: `!h' float specifier changed to `!ht'.


LaTeX Warning: Citation `dimitrakopoulou2002role' on page 4 undefined on input 
line 49.


LaTeX Warning: Citation `krak2005effects' on page 4 undefined on input line 49.


[4 <./images/resp1.png (PNG copy)> <./images/resp3.png (PNG copy)> <./images/re
sp5.png (PNG copy)> <./images/resp7.png (PNG copy)> <./images/resp9.png (PNG co
py)> <./images/resp11.png (PNG copy)>]
LaTeX Font Info:    Font shape `OT1/ppl/bx/n' in size <14.4> not available
(Font)              Font shape `OT1/ppl/b/n' tried instead on input line 53.


LaTeX Warning: Citation `erdi2004ct' on page 5 undefined on input line 62.


LaTeX Warning: Reference `eq:varSUV' on page 5 undefined on input line 62.


LaTeX Warning: Reference `fig:artefactsCTd' on page 5 undefined on input line 6
7.

[5 <./images/moyennageImage.pdf

pdfTeX warning: pdflatex (file ./images/moyennageImage.pdf): PDF inclusion: Pag
e Group detected which pdfTeX can't handle. Ignoring it.
>] <images/artefactCT1.pdf, id=178, 281.05pt x 532.38902pt>
File: images/artefactCT1.pdf Graphic file (type pdf)

<use images/artefactCT1.pdf>
<images/artefactCT2.pdf, id=179, 167.827pt x 309.958pt>
File: images/artefactCT2.pdf Graphic file (type pdf)

<use images/artefactCT2.pdf> [6 <./images/artefactCT1.pdf

pdfTeX warning: pdflatex (file ./images/artefactCT1.pdf): PDF inclusion: Page G
roup detected which pdfTeX can't handle. Ignoring it.
> <./images/artefactCT2.pdf

pdfTeX warning: pdflatex (file ./images/artefactCT2.pdf): PDF inclusion: Page G
roup detected which pdfTeX can't handle. Ignoring it.
>]

LaTeX Warning: Citation `boucher2004respiratory' on page 7 undefined on input l
ine 84.


Overfull \hbox (14.53192pt too wide) in paragraph at lines 89--90
\OT1/ppl/m/n/12 pro-fils de le-sions, ...). Tr[]es peu d'ar-ticles uti-lisent d
es crit[]eres orient[]e d[]etection
 []


LaTeX Warning: Citation `GuopingChangImplementation' on page 7 undefined on inp
ut line 94.


LaTeX Warning: Citation `lamare2007list' on page 7 undefined on input line 94.


LaTeX Warning: Citation `nehmeh2002effect' on page 7 undefined on input line 94
.


LaTeX Warning: Citation `detorie2008quantitative' on page 7 undefined on input 
line 94.


LaTeX Warning: Citation `GuopingChangImplementation' on page 7 undefined on inp
ut line 95.


LaTeX Warning: Citation `Thielemans2006Lesion' on page 7 undefined on input lin
e 95.


LaTeX Warning: Citation `lamare2007list' on page 7 undefined on input line 95.


LaTeX Warning: Citation `GuopingChangImplementation' on page 7 undefined on inp
ut line 96.


LaTeX Warning: Citation `lamare2007list' on page 7 undefined on input line 96.


LaTeX Warning: Citation `nehmeh2002effect' on page 7 undefined on input line 96
.


LaTeX Warning: Citation `GuopingChangImplementation' on page 7 undefined on inp
ut line 97.


LaTeX Warning: Citation `Thielemans2006Lesion' on page 7 undefined on input lin
e 98.

[7]

LaTeX Warning: Citation `Thielemans2006Lesion' on page 8 undefined on input lin
e 109.


LaTeX Warning: Citation `barrett1993model' on page 8 undefined on input line 10
9.


LaTeX Warning: Reference `fig:apportCHO' on page 8 undefined on input line 110.



Overfull \hbox (18.24083pt too wide) in paragraph at lines 109--111
\OT1/ppl/m/n/12 et contraste de 4.25 :1, sur des si-mu-la-tions ana-ly-tiques).
 Les r[]esultats pr[]esent[]es
 []

<images/apportCHO.pdf, id=217, 684.15598pt x 528.37402pt>
File: images/apportCHO.pdf Graphic file (type pdf)

<use images/apportCHO.pdf>) [8 <./images/apportCHO.pdf

pdfTeX warning: pdflatex (file ./images/apportCHO.pdf): PDF inclusion: Page Gro
up detected which pdfTeX can't handle. Ignoring it.
>] [9] (./texte/estimation.tex

LaTeX Warning: Citation `guivarc2004synchronization' on page 10 undefined on in
put line 5.

<images/spiro.png, id=245, 486.81876pt x 312.16624pt>
File: images/spiro.png Graphic file (type png)
 <use images/spiro.png>

LaTeX Warning: `!h' float specifier changed to `!ht'.

[10]

LaTeX Warning: Citation `fayad2010application' on page 11 undefined on input li
ne 29.

) [11 <./images/spiro.png>] [12] (./texte/methodes.tex

LaTeX Warning: Reference `fig:gatingRespi' on page 13 undefined on input line 5
.

<images/ET-IM.pdf, id=260, 533.995pt x 175.857pt>
File: images/ET-IM.pdf Graphic file (type pdf)
 <use images/ET-IM.pdf>

LaTeX Warning: Citation `nehmeh2002effect' on page 13 undefined on input line 1
8.

[13 <./images/ET-IM.pdf

pdfTeX warning: pdflatex (file ./images/ET-IM.pdf): PDF inclusion: Page Group d
etected which pdfTeX can't handle. Ignoring it.
>]

LaTeX Warning: Citation `boucher2004respiratory' on page 14 undefined on input 
line 20.


LaTeX Warning: Reference `fig:boucher2004' on page 14 undefined on input line 2
0.

<images/gatingBoucher2004.png, id=280, 302.22pt x 194.05833pt>
File: images/gatingBoucher2004.png Graphic file (type png)

<use images/gatingBoucher2004.png>
LaTeX Font Info:    Font shape `OT1/ppl/bx/n' in size <10.95> not available
(Font)              Font shape `OT1/ppl/b/n' tried instead on input line 26.


LaTeX Warning: Citation `boucher2004respiratory' on page 14 undefined on input 
line 26.


LaTeX Warning: Citation `boucher2004respiratory' on page 14 undefined on input 
line 26.


LaTeX Warning: Citation `nehmeh2003reduction' on page 14 undefined on input lin
e 30.


Overfull \hbox (1.92413pt too wide) in paragraph at lines 30--31
[]\OT1/ppl/m/n/12 Une va-riante de cette tech-nique ne ne-ces-si-tant pas de ca
p-teur est d[]ecrite
 []


LaTeX Warning: Citation `GuopingChangImplementation' on page 14 undefined on in
put line 32.

[14 <./images/gatingBoucher2004.png (PNG copy)>]
Overfull \hbox (13.38837pt too wide) in paragraph at lines 39--40
\OT1/ppl/m/n/12 sont re-cons-truites ind[]ependamment, puis re-cal[]ees sur une
 phase de r[]ef[]erence
 []


LaTeX Warning: Citation `klein19973d' on page 15 undefined on input line 41.


LaTeX Warning: Citation `dawood2006lung' on page 15 undefined on input line 45.



LaTeX Warning: Citation `dawood2008respiratory' on page 15 undefined on input l
ine 45.


LaTeX Warning: Citation `thorndyke2006reducing' on page 15 undefined on input l
ine 45.


LaTeX Warning: Citation `klein2002four' on page 15 undefined on input line 46.


LaTeX Warning: Citation `dawood2006lung' on page 15 undefined on input line 46.



LaTeX Warning: Citation `bai2009regularized' on page 15 undefined on input line
 46.

[15]

Package hyperref Warning: The anchor of a bookmark and its parent's must not
(hyperref)                be the same. Added a new anchor on input line 47.


LaTeX Warning: Reference `fig:recalageLOR' on page 16 undefined on input line 5
4.


LaTeX Warning: Citation `bloomfield2003design' on page 16 undefined on input li
ne 56.


LaTeX Warning: Citation `livieratos2005rigid' on page 16 undefined on input lin
e 56.


LaTeX Warning: Reference `fig:ameliorationLOR' on page 16 undefined on input li
ne 58.


LaTeX Warning: Citation `lamare2007respiratory' on page 16 undefined on input l
ine 60.

<images/recalageLOR.png, id=290, 822.07124pt x 548.0475pt>
File: images/recalageLOR.png Graphic file (type png)

<use images/recalageLOR.png>

LaTeX Warning: `!h' float specifier changed to `!ht'.

<images/bloomfield2003design.png, id=291, 352.809pt x 193.38916pt>
File: images/bloomfield2003design.png Graphic file (type png)

<use images/bloomfield2003design.png>
<images/livieratos2005rigid.png, id=292, 273.312pt x 481.8pt>
File: images/livieratos2005rigid.png Graphic file (type png)

<use images/livieratos2005rigid.png>

LaTeX Warning: `!h' float specifier changed to `!ht'.


LaTeX Warning: Citation `lamare2007respiratory' on page 16 undefined on input l
ine 78.


LaTeX Warning: Citation `lamare2007list' on page 16 undefined on input line 78.



LaTeX Warning: Citation `lamare2007list' on page 16 undefined on input line 84.


[16]

LaTeX Warning: Citation `reader2002regularized' on page 17 undefined on input l
ine 86.


LaTeX Warning: Citation `naqa2006deblurring' on page 17 undefined on input line
 90.


Overfull \hbox (1.7078pt too wide) in paragraph at lines 90--91
[]\OT1/ppl/m/n/12 Cette tech-nique est peu d[]ecrite dans la litt[]erature [[]]
 uti-lise une connais-
 []

[17 <./images/recalageLOR.png (PNG copy)>]) [18 <./images/bloomfield2003design.
png> <./images/livieratos2005rigid.png (PNG copy)>] (./main.bbl [19]
! Missing $ inserted.
<inserted text> 
                $
l.77 \newblock {\em J. Nuc. Med.}, 51(2_
                                        MeetingAbstracts):524, 2010.
I've inserted a begin-math/end-math symbol since I think
you left one out. Proceed, with fingers crossed.

! Missing $ inserted.
<inserted text> 
                $
l.78 
     
I've inserted a begin-math/end-math symbol since I think
you left one out. Proceed, with fingers crossed.

! Missing } inserted.
<inserted text> 
                }
l.78 
     
I've inserted something that you may have forgotten.
(See the <inserted text> above.)
With luck, this will get me unwedged. But if you
really didn't forget anything, try typing `2' now; then
my insertion and my current dilemma will both disappear.

! Extra }, or forgotten \endgroup.
\par ...m \@noitemerr {\@@par }\fi \else {\@@par }
                                                  \fi 
l.78 
     
I've deleted a group-closing symbol because it seems to be
spurious, as in `$x}$'. But perhaps the } is legitimate and
you forgot something else, as in `\hbox{$x}'. In such cases
the way to recover is to insert both the forgotten and the
deleted material, e.g., by typing `I$}'.

[20]) [21] (./main.aux)

LaTeX Warning: There were undefined references.


LaTeX Warning: Label(s) may have changed. Rerun to get cross-references right.

 ) 
Here is how much of TeX's memory you used:
 5034 strings out of 256216
 68248 string characters out of 1917072
 138990 words of memory out of 1500000
 8096 multiletter control sequences out of 10000+200000
 41431 words of font info for 107 fonts, out of 1200000 for 2000
 645 hyphenation exceptions out of 8191
 27i,11n,45p,734b,555s stack positions out of 5000i,500n,6000p,200000b,15000s
{/usr/share/texmf/fonts/enc/dvips/base/8r.enc}</usr/share/texmf/fonts/type1/b
luesky/cm/cmex10.pfb></usr/share/texmf/fonts/type1/bluesky/cm/cmmi10.pfb></usr/
share/texmf/fonts/type1/bluesky/cm/cmr10.pfb></usr/share/texmf/fonts/type1/blue
sky/cm/cmsy10.pfb></usr/share/texmf/fonts/type1/urw/palatino/uplb8a.pfb></usr/s
hare/texmf/fonts/type1/urw/palatino/uplr8a.pfb></usr/share/texmf/fonts/type1/ur
w/palatino/uplri8a.pfb>
Output written on main.pdf (21 pages, 1088893 bytes).
PDF statistics:
 393 PDF objects out of 1000 (max. 8388607)
 94 named destinations out of 1000 (max. 131072)
 331 words of extra memory for PDF output out of 10000 (max. 10000000)

