\BOOKMARK [0][-]{part.1}{I Effets du mouvement respiratoire}{}
\BOOKMARK [1][-]{section.1.1}{Localisation et Volume}{part.1}
\BOOKMARK [2][-]{equation.1}{Todo : changer}{section.1.1}
\BOOKMARK [1][-]{section.1.2}{Mesure de l'activit\351 des tumeurs}{part.1}
\BOOKMARK [2][-]{subsection.1.2.1}{D\351calage de la carte d'att\351nuation}{section.1.2}
\BOOKMARK [3][-]{subsubsection.1.2.1.1}{Artefacts d\373 \340 l'utilisation de l'image TDM}{subsection.1.2.1}
\BOOKMARK [2][-]{subsection.1.2.2}{D\351placement de la tumeur au cours du cycle}{section.1.2}
\BOOKMARK [1][-]{section.1.3}{Impact du mouvement respiratoire sur la detection}{part.1}
\BOOKMARK [2][-]{subsection.1.3.1}{Thielemans 2006}{section.1.3}
\BOOKMARK [2][-]{subsection.1.3.2}{Chang 2010}{section.1.3}
\BOOKMARK [0][-]{part.2}{II Processus d'estimation du mouvement}{}
\BOOKMARK [1][-]{section.2.1}{capteurs externes}{part.2}
\BOOKMARK [2][-]{subsection.2.1.1}{Spirom\350tre}{section.2.1}
\BOOKMARK [2][-]{subsection.2.1.2}{Ceinture}{section.2.1}
\BOOKMARK [2][-]{subsection.2.1.3}{Bas\351s cam\351ras}{section.2.1}
\BOOKMARK [1][-]{section.2.2}{Images}{part.2}
\BOOKMARK [1][-]{section.2.3}{mod\350le}{part.2}
\BOOKMARK [1][-]{section.2.4}{d\351coupage du cycle respiratoire}{part.2}
\BOOKMARK [2][-]{subsection.2.4.1}{En phase}{section.2.4}
\BOOKMARK [2][-]{subsection.2.4.2}{En amplitude}{section.2.4}
\BOOKMARK [0][-]{part.3}{III Correction du mouvement respiratoire}{}
\BOOKMARK [1][-]{section.3.1}{Synchronisation respiratoire}{part.3}
\BOOKMARK [1][-]{section.3.2}{Synchronisation respiratoire avec recalage}{part.3}
\BOOKMARK [2][-]{section*.1}{Todo: ajouter}{section.3.2}
\BOOKMARK [1][-]{section.3.3}{Correction pr\351-reconstruction}{part.3}
\BOOKMARK [1][-]{section.3.4}{Correction pendant la reconstruction}{part.3}
\BOOKMARK [1][-]{section.3.5}{D\351convolution de l'image}{part.3}
\BOOKMARK [1][-]{section.3.6}{Bibliographie}{part.3}
